\BOOKMARK [0][-]{chapter.1}{Introducci\363n}{}% 1
\BOOKMARK [0][-]{chapter.2}{Objetivos}{}% 2
\BOOKMARK [0][-]{chapter.3}{Estado\040del\040arte}{}% 3
\BOOKMARK [1][-]{section.3.1}{Inteligencia\040Articial}{chapter.3}% 4
\BOOKMARK [2][-]{subsection.3.1.1}{Deep\040Learning}{section.3.1}% 5
\BOOKMARK [2][-]{subsection.3.1.2}{Machine\040learning}{section.3.1}% 6
\BOOKMARK [2][-]{subsection.3.1.3}{Implementaci\363n}{section.3.1}% 7
\BOOKMARK [0][-]{chapter.4}{Marco\040te\363rico.}{}% 8
\BOOKMARK [1][-]{section.4.1}{Extracci\363n\040de\040caracter\355sticas}{chapter.4}% 9
\BOOKMARK [2][-]{subsection.4.1.1}{Momentos\040de\040imagen.}{section.4.1}% 10
\BOOKMARK [2][-]{subsection.4.1.2}{Histograma\040de\040gradientes}{section.4.1}% 11
\BOOKMARK [2][-]{subsection.4.1.3}{Patrones\040locales\040binarios}{section.4.1}% 12
\BOOKMARK [2][-]{subsection.4.1.4}{Descriptores\040de\040Fourier}{section.4.1}% 13
\BOOKMARK [1][-]{section.4.2}{Selecci\363n\040de\040caracter\355sticas}{chapter.4}% 14
\BOOKMARK [2][-]{subsection.4.2.1}{ANOVA}{section.4.2}% 15
\BOOKMARK [2][-]{subsection.4.2.2}{SFS}{section.4.2}% 16
\BOOKMARK [1][-]{section.4.3}{M\351todos\040de\040evaluci\363n}{chapter.4}% 17
\BOOKMARK [2][-]{subsection.4.3.1}{Matriz\040de\040confusi\363n}{section.4.3}% 18
\BOOKMARK [2][-]{subsection.4.3.2}{Curva\040ROC}{section.4.3}% 19
\BOOKMARK [2][-]{subsection.4.3.3}{Validaci\363n\040cruzada}{section.4.3}% 20
\BOOKMARK [1][-]{section.4.4}{Modelos\040de\040clasificaci\363n}{chapter.4}% 21
\BOOKMARK [2][-]{subsection.4.4.1}{K-vecinos\040m\341s\040cercanos}{section.4.4}% 22
\BOOKMARK [2][-]{subsection.4.4.2}{SVM}{section.4.4}% 23
\BOOKMARK [0][-]{chapter.5}{Metodolog\355a}{}% 24
\BOOKMARK [0][-]{chapter.6}{Resultados}{}% 25
\BOOKMARK [1][-]{section.6.1}{Problema\040desbalanceado}{chapter.6}% 26
\BOOKMARK [1][-]{section.6.2}{ANOVA}{chapter.6}% 27
\BOOKMARK [2][-]{subsection.6.2.1}{\301rea\040B345}{section.6.2}% 28
\BOOKMARK [2][-]{subsection.6.2.2}{\301rea\040C1C9}{section.6.2}% 29
\BOOKMARK [1][-]{section.6.3}{K-vecinos\040m\341s\040cercanos}{chapter.6}% 30
\BOOKMARK [2][-]{subsection.6.3.1}{Resultados\040con\040clasificador\040Knn\040para\040\341rea\040B345}{section.6.3}% 31
\BOOKMARK [2][-]{subsection.6.3.2}{Resultados\040con\040clasificador\040Knn\040para\040\341rea\040C1C9}{section.6.3}% 32
\BOOKMARK [1][-]{section.6.4}{SVM}{chapter.6}% 33
\BOOKMARK [2][-]{subsection.6.4.1}{SVM\040con\040\341rea\040C1c9}{section.6.4}% 34
\BOOKMARK [2][-]{subsection.6.4.2}{SVM\040con\040\341rea\040B345}{section.6.4}% 35
\BOOKMARK [0][-]{chapter.7}{Cronograma\040de\040actividades}{}% 36
\BOOKMARK [0][-]{figure.caption.68}{Bibliograf\355a}{}% 37
\BOOKMARK [1][-]{section.7.1}{Creaci\363n\040de\040dataset\040y\040extracci\363n\040de\040caracter\355sticas}{figure.caption.68}% 38
